<?xml version="1.0" encoding="UTF-8"?>
<testng-results ignored="0" total="1" passed="1" failed="0" skipped="0">
  <reporter-output>
  </reporter-output>
  <suite started-at="2024-05-02T11:30:47 IST" name="Surefire suite" finished-at="2024-05-02T11:31:21 IST" duration-ms="34121">
    <groups>
    </groups>
    <test started-at="2024-05-02T11:30:47 IST" name="Surefire test" finished-at="2024-05-02T11:31:21 IST" duration-ms="34121">
      <class name="com.example.AppTest">
        <test-method is-config="true" signature="setup()[pri:0, instance:com.example.AppTest@7b227d8d]" started-at="2024-05-02T11:30:47 IST" name="setup" finished-at="2024-05-02T11:31:02 IST" duration-ms="15189" status="PASS">
          <reporter-output>
          </reporter-output>
        </test-method> <!-- setup -->
        <test-method signature="test()[pri:1, instance:com.example.AppTest@7b227d8d]" started-at="2024-05-02T11:31:02 IST" name="test" finished-at="2024-05-02T11:31:20 IST" duration-ms="18249" status="PASS">
          <reporter-output>
          </reporter-output>
        </test-method> <!-- test -->
        <test-method is-config="true" signature="quitDriver()[pri:0, instance:com.example.AppTest@7b227d8d]" started-at="2024-05-02T11:31:20 IST" name="quitDriver" finished-at="2024-05-02T11:31:21 IST" duration-ms="610" status="PASS">
          <reporter-output>
          </reporter-output>
        </test-method> <!-- quitDriver -->
      </class> <!-- com.example.AppTest -->
    </test> <!-- Surefire test -->
  </suite> <!-- Surefire suite -->
</testng-results>
